lib_appbus/AppBusSdk/build/outputs/logs/manifest-merger-debug-report.txt
-- Merging decision tree log ---
manifest
ADDED from src\main\AndroidManifest.xml:1:1-19:12
INJECTED from src\main\AndroidManifest.xml:1:1-19:12
INJECTED from src\main\AndroidManifest.xml:1:1-19:12
INJECTED from src\main\AndroidManifest.xml:1:1-19:12
INJECTED from src\main\AndroidManifest.xml:1:1-19:12
INJECTED from src\main\AndroidManifest.xml:1:1-19:12
INJECTED from src\main\AndroidManifest.xml:1:1-19:12
	package
		ADDED from src\main\AndroidManifest.xml:1:11-39
		INJECTED from src\main\AndroidManifest.xml
		INJECTED from src\main\AndroidManifest.xml
	android:versionName
		INJECTED from src\main\AndroidManifest.xml
		ADDED from src\main\AndroidManifest.xml:1:1-19:12
		INJECTED from src\main\AndroidManifest.xml
	android:versionCode
		INJECTED from src\main\AndroidManifest.xml
		ADDED from src\main\AndroidManifest.xml:1:1-19:12
		INJECTED from src\main\AndroidManifest.xml
	xmlns:android
		ADDED from src\main\AndroidManifest.xml:2:5-63
application
ADDED from src\main\AndroidManifest.xml:4:5-17:19
meta-data#com.coocaa.appbus.get
ADDED from src\main\AndroidManifest.xml:5:9-7:36
	android:value
		ADDED from src\main\AndroidManifest.xml:7:13-33
	android:name
		ADDED from src\main\AndroidManifest.xml:6:13-49
uses-sdk
INJECTED from src\main\AndroidManifest.xml reason: use-sdk injection requested
INJECTED from src\main\AndroidManifest.xml
INJECTED from src\main\AndroidManifest.xml
INJECTED from src\main\AndroidManifest.xml
INJECTED from src\main\AndroidManifest.xml
	android:targetSdkVersion
		INJECTED from src\main\AndroidManifest.xml
		ADDED from src\main\AndroidManifest.xml
		INJECTED from src\main\AndroidManifest.xml
	android:minSdkVersion
		INJECTED from src\main\AndroidManifest.xml
		ADDED from src\main\AndroidManifest.xml
		INJECTED from src\main\AndroidManifest.xml